C:\Users\Maren\Desktop\VST3 SDK_WS1314_2\VST3 SDK_WS1314\public.sdk\avprg\vst\Rauschen\win\Win32\Debug\cl.command.1.tlog
C:\Users\Maren\Desktop\VST3 SDK_WS1314_2\VST3 SDK_WS1314\public.sdk\avprg\vst\Rauschen\win\Win32\Debug\CL.read.1.tlog
C:\Users\Maren\Desktop\VST3 SDK_WS1314_2\VST3 SDK_WS1314\public.sdk\avprg\vst\Rauschen\win\Win32\Debug\CL.write.1.tlog
C:\USERS\MAREN\DESKTOP\VST3 SDK_WS1314_2\VST3 SDK_WS1314\PUBLIC.SDK\AVPRG\VST\RAUSCHEN\WIN\WIN32\DEBUG\DLLMAIN.OBJ
C:\USERS\MAREN\DESKTOP\VST3 SDK_WS1314_2\VST3 SDK_WS1314\PUBLIC.SDK\AVPRG\VST\RAUSCHEN\WIN\WIN32\DEBUG\DLLMAIN.SBR
C:\Users\Maren\Desktop\VST3 SDK_WS1314_2\VST3 SDK_WS1314\public.sdk\avprg\vst\Rauschen\win\Win32\Debug\link.command.1.tlog
C:\Users\Maren\Desktop\VST3 SDK_WS1314_2\VST3 SDK_WS1314\public.sdk\avprg\vst\Rauschen\win\Win32\Debug\link.read.1.tlog
C:\Users\Maren\Desktop\VST3 SDK_WS1314_2\VST3 SDK_WS1314\public.sdk\avprg\vst\Rauschen\win\Win32\Debug\link.write.1.tlog
C:\USERS\MAREN\DESKTOP\VST3 SDK_WS1314_2\VST3 SDK_WS1314\PUBLIC.SDK\AVPRG\VST\RAUSCHEN\WIN\WIN32\DEBUG\PLUGIN.RES
C:\USERS\MAREN\DESKTOP\VST3 SDK_WS1314_2\VST3 SDK_WS1314\PUBLIC.SDK\AVPRG\VST\RAUSCHEN\WIN\WIN32\DEBUG\PLUGIN.SBR
C:\USERS\MAREN\DESKTOP\VST3 SDK_WS1314_2\VST3 SDK_WS1314\PUBLIC.SDK\AVPRG\VST\RAUSCHEN\WIN\WIN32\DEBUG\PLUGIN1.OBJ
C:\USERS\MAREN\DESKTOP\VST3 SDK_WS1314_2\VST3 SDK_WS1314\PUBLIC.SDK\AVPRG\VST\RAUSCHEN\WIN\WIN32\DEBUG\PLUGINADAPTER.OBJ
C:\USERS\MAREN\DESKTOP\VST3 SDK_WS1314_2\VST3 SDK_WS1314\PUBLIC.SDK\AVPRG\VST\RAUSCHEN\WIN\WIN32\DEBUG\PLUGINADAPTER.SBR
C:\USERS\MAREN\DESKTOP\VST3 SDK_WS1314_2\VST3 SDK_WS1314\PUBLIC.SDK\AVPRG\VST\RAUSCHEN\WIN\WIN32\DEBUG\PLUGINFACTORYVST3.OBJ
C:\USERS\MAREN\DESKTOP\VST3 SDK_WS1314_2\VST3 SDK_WS1314\PUBLIC.SDK\AVPRG\VST\RAUSCHEN\WIN\WIN32\DEBUG\PLUGINFACTORYVST3.SBR
C:\USERS\MAREN\DESKTOP\VST3 SDK_WS1314_2\VST3 SDK_WS1314\PUBLIC.SDK\AVPRG\VST\RAUSCHEN\WIN\WIN32\DEBUG\PLUGINVIEW.OBJ
C:\USERS\MAREN\DESKTOP\VST3 SDK_WS1314_2\VST3 SDK_WS1314\PUBLIC.SDK\AVPRG\VST\RAUSCHEN\WIN\WIN32\DEBUG\PLUGINVIEW.SBR
C:\USERS\MAREN\DESKTOP\VST3 SDK_WS1314_2\VST3 SDK_WS1314\PUBLIC.SDK\AVPRG\VST\RAUSCHEN\WIN\WIN32\DEBUG\RAUSCHEN.OBJ
C:\USERS\MAREN\DESKTOP\VST3 SDK_WS1314_2\VST3 SDK_WS1314\PUBLIC.SDK\AVPRG\VST\RAUSCHEN\WIN\WIN32\DEBUG\RAUSCHEN.SBR
C:\Users\Maren\Desktop\VST3 SDK_WS1314_2\VST3 SDK_WS1314\public.sdk\avprg\vst\Rauschen\win\Win32\Debug\Rauschen.write.1.tlog
C:\USERS\MAREN\DESKTOP\VST3 SDK_WS1314_2\VST3 SDK_WS1314\PUBLIC.SDK\AVPRG\VST\RAUSCHEN\WIN\WIN32\DEBUG\RAUSCHPROCESSOR.OBJ
C:\USERS\MAREN\DESKTOP\VST3 SDK_WS1314_2\VST3 SDK_WS1314\PUBLIC.SDK\AVPRG\VST\RAUSCHEN\WIN\WIN32\DEBUG\RAUSCHPROCESSOR.SBR
C:\Users\Maren\Desktop\VST3 SDK_WS1314_2\VST3 SDK_WS1314\public.sdk\avprg\vst\Rauschen\win\Win32\Debug\rc.command.1.tlog
C:\Users\Maren\Desktop\VST3 SDK_WS1314_2\VST3 SDK_WS1314\public.sdk\avprg\vst\Rauschen\win\Win32\Debug\rc.read.1.tlog
C:\Users\Maren\Desktop\VST3 SDK_WS1314_2\VST3 SDK_WS1314\public.sdk\avprg\vst\Rauschen\win\Win32\Debug\rc.write.1.tlog
C:\USERS\MAREN\DESKTOP\VST3 SDK_WS1314_2\VST3 SDK_WS1314\PUBLIC.SDK\AVPRG\VST\RAUSCHEN\WIN\WIN32\DEBUG\UIDESC.RES
C:\USERS\MAREN\DESKTOP\VST3 SDK_WS1314_2\VST3 SDK_WS1314\PUBLIC.SDK\AVPRG\VST\RAUSCHEN\WIN\WIN32\DEBUG\USTRING.OBJ
C:\USERS\MAREN\DESKTOP\VST3 SDK_WS1314_2\VST3 SDK_WS1314\PUBLIC.SDK\AVPRG\VST\RAUSCHEN\WIN\WIN32\DEBUG\USTRING.SBR
C:\Users\Maren\Desktop\VST3 SDK_WS1314_2\VST3 SDK_WS1314\public.sdk\avprg\vst\Rauschen\win\Win32\Debug\vc100.idb
C:\USERS\MAREN\DESKTOP\VST3 SDK_WS1314_2\VST3 SDK_WS1314\PUBLIC.SDK\AVPRG\VST\RAUSCHEN\WIN\WIN32\DEBUG\VC100.PDB
C:\USERS\MAREN\DESKTOP\VST3 SDK_WS1314_2\VST3 SDK_WS1314\PUBLIC.SDK\AVPRG\VST\RAUSCHEN\WIN\WIN32\DEBUG\VST3EDITOR.OBJ
C:\USERS\MAREN\DESKTOP\VST3 SDK_WS1314_2\VST3 SDK_WS1314\PUBLIC.SDK\AVPRG\VST\RAUSCHEN\WIN\WIN32\DEBUG\VST3EDITOR.SBR
C:\USERS\MAREN\DESKTOP\VST3 SDK_WS1314_2\VST3 SDK_WS1314\PUBLIC.SDK\AVPRG\VST\RAUSCHEN\WIN\WIN32\DEBUG\VSTAUDIOEFFECT.OBJ
C:\USERS\MAREN\DESKTOP\VST3 SDK_WS1314_2\VST3 SDK_WS1314\PUBLIC.SDK\AVPRG\VST\RAUSCHEN\WIN\WIN32\DEBUG\VSTAUDIOEFFECT.SBR
C:\USERS\MAREN\DESKTOP\VST3 SDK_WS1314_2\VST3 SDK_WS1314\PUBLIC.SDK\AVPRG\VST\RAUSCHEN\WIN\WIN32\DEBUG\VSTBUS.OBJ
C:\USERS\MAREN\DESKTOP\VST3 SDK_WS1314_2\VST3 SDK_WS1314\PUBLIC.SDK\AVPRG\VST\RAUSCHEN\WIN\WIN32\DEBUG\VSTBUS.SBR
C:\USERS\MAREN\DESKTOP\VST3 SDK_WS1314_2\VST3 SDK_WS1314\PUBLIC.SDK\AVPRG\VST\RAUSCHEN\WIN\WIN32\DEBUG\VSTCOMPONENT.OBJ
C:\USERS\MAREN\DESKTOP\VST3 SDK_WS1314_2\VST3 SDK_WS1314\PUBLIC.SDK\AVPRG\VST\RAUSCHEN\WIN\WIN32\DEBUG\VSTCOMPONENT.SBR
C:\USERS\MAREN\DESKTOP\VST3 SDK_WS1314_2\VST3 SDK_WS1314\PUBLIC.SDK\AVPRG\VST\RAUSCHEN\WIN\WIN32\DEBUG\VSTCOMPONENTBASE.OBJ
C:\USERS\MAREN\DESKTOP\VST3 SDK_WS1314_2\VST3 SDK_WS1314\PUBLIC.SDK\AVPRG\VST\RAUSCHEN\WIN\WIN32\DEBUG\VSTCOMPONENTBASE.SBR
C:\USERS\MAREN\DESKTOP\VST3 SDK_WS1314_2\VST3 SDK_WS1314\PUBLIC.SDK\AVPRG\VST\RAUSCHEN\WIN\WIN32\DEBUG\VSTEDITCONTROLLER.OBJ
C:\USERS\MAREN\DESKTOP\VST3 SDK_WS1314_2\VST3 SDK_WS1314\PUBLIC.SDK\AVPRG\VST\RAUSCHEN\WIN\WIN32\DEBUG\VSTEDITCONTROLLER.SBR
C:\USERS\MAREN\DESKTOP\VST3 SDK_WS1314_2\VST3 SDK_WS1314\PUBLIC.SDK\AVPRG\VST\RAUSCHEN\WIN\WIN32\DEBUG\VSTGUI_UIDESCRIPTION_WIN32.OBJ
C:\USERS\MAREN\DESKTOP\VST3 SDK_WS1314_2\VST3 SDK_WS1314\PUBLIC.SDK\AVPRG\VST\RAUSCHEN\WIN\WIN32\DEBUG\VSTGUI_UIDESCRIPTION_WIN32.SBR
C:\USERS\MAREN\DESKTOP\VST3 SDK_WS1314_2\VST3 SDK_WS1314\PUBLIC.SDK\AVPRG\VST\RAUSCHEN\WIN\WIN32\DEBUG\VSTGUI_WIN32.OBJ
C:\USERS\MAREN\DESKTOP\VST3 SDK_WS1314_2\VST3 SDK_WS1314\PUBLIC.SDK\AVPRG\VST\RAUSCHEN\WIN\WIN32\DEBUG\VSTGUI_WIN32.SBR
C:\USERS\MAREN\DESKTOP\VST3 SDK_WS1314_2\VST3 SDK_WS1314\PUBLIC.SDK\AVPRG\VST\RAUSCHEN\WIN\WIN32\DEBUG\VSTGUIEDITOR.OBJ
C:\USERS\MAREN\DESKTOP\VST3 SDK_WS1314_2\VST3 SDK_WS1314\PUBLIC.SDK\AVPRG\VST\RAUSCHEN\WIN\WIN32\DEBUG\VSTGUIEDITOR.SBR
C:\USERS\MAREN\DESKTOP\VST3 SDK_WS1314_2\VST3 SDK_WS1314\PUBLIC.SDK\AVPRG\VST\RAUSCHEN\WIN\WIN32\DEBUG\VSTINITIIDS.OBJ
C:\USERS\MAREN\DESKTOP\VST3 SDK_WS1314_2\VST3 SDK_WS1314\PUBLIC.SDK\AVPRG\VST\RAUSCHEN\WIN\WIN32\DEBUG\VSTINITIIDS.SBR
C:\USERS\MAREN\DESKTOP\VST3 SDK_WS1314_2\VST3 SDK_WS1314\PUBLIC.SDK\AVPRG\VST\RAUSCHEN\WIN\WIN32\DEBUG\VSTPARAMETERS.OBJ
C:\USERS\MAREN\DESKTOP\VST3 SDK_WS1314_2\VST3 SDK_WS1314\PUBLIC.SDK\AVPRG\VST\RAUSCHEN\WIN\WIN32\DEBUG\VSTPARAMETERS.SBR
