C:\USERS\ERIC\SKYDRIVE\PROGRAMMIERUNG\VST3 SDK_WS1314\PUBLIC.SDK\AVPRG\AVPRG_GIT\KNISTERN\WIN\WIN32\DEBUG\CRACKLE.BSC
C:\USERS\ERIC\SKYDRIVE\PROGRAMMIERUNG\VST3 SDK_WS1314\PUBLIC.SDK\AVPRG\AVPRG_GIT\KNISTERN\WIN\WIN32\DEBUG\USTRING.SBR
C:\USERS\ERIC\SKYDRIVE\PROGRAMMIERUNG\VST3 SDK_WS1314\PUBLIC.SDK\AVPRG\AVPRG_GIT\KNISTERN\WIN\WIN32\DEBUG\PLUGINFACTORYVST3.SBR
C:\USERS\ERIC\SKYDRIVE\PROGRAMMIERUNG\VST3 SDK_WS1314\PUBLIC.SDK\AVPRG\AVPRG_GIT\KNISTERN\WIN\WIN32\DEBUG\DLLMAIN.SBR
C:\USERS\ERIC\SKYDRIVE\PROGRAMMIERUNG\VST3 SDK_WS1314\PUBLIC.SDK\AVPRG\AVPRG_GIT\KNISTERN\WIN\WIN32\DEBUG\VSTPARAMETERS.SBR
C:\USERS\ERIC\SKYDRIVE\PROGRAMMIERUNG\VST3 SDK_WS1314\PUBLIC.SDK\AVPRG\AVPRG_GIT\KNISTERN\WIN\WIN32\DEBUG\VSTINITIIDS.SBR
C:\USERS\ERIC\SKYDRIVE\PROGRAMMIERUNG\VST3 SDK_WS1314\PUBLIC.SDK\AVPRG\AVPRG_GIT\KNISTERN\WIN\WIN32\DEBUG\VSTGUIEDITOR.SBR
C:\USERS\ERIC\SKYDRIVE\PROGRAMMIERUNG\VST3 SDK_WS1314\PUBLIC.SDK\AVPRG\AVPRG_GIT\KNISTERN\WIN\WIN32\DEBUG\VSTEDITCONTROLLER.SBR
C:\USERS\ERIC\SKYDRIVE\PROGRAMMIERUNG\VST3 SDK_WS1314\PUBLIC.SDK\AVPRG\AVPRG_GIT\KNISTERN\WIN\WIN32\DEBUG\VSTCOMPONENTBASE.SBR
C:\USERS\ERIC\SKYDRIVE\PROGRAMMIERUNG\VST3 SDK_WS1314\PUBLIC.SDK\AVPRG\AVPRG_GIT\KNISTERN\WIN\WIN32\DEBUG\VSTCOMPONENT.SBR
C:\USERS\ERIC\SKYDRIVE\PROGRAMMIERUNG\VST3 SDK_WS1314\PUBLIC.SDK\AVPRG\AVPRG_GIT\KNISTERN\WIN\WIN32\DEBUG\VSTBUS.SBR
C:\USERS\ERIC\SKYDRIVE\PROGRAMMIERUNG\VST3 SDK_WS1314\PUBLIC.SDK\AVPRG\AVPRG_GIT\KNISTERN\WIN\WIN32\DEBUG\VSTAUDIOEFFECT.SBR
C:\USERS\ERIC\SKYDRIVE\PROGRAMMIERUNG\VST3 SDK_WS1314\PUBLIC.SDK\AVPRG\AVPRG_GIT\KNISTERN\WIN\WIN32\DEBUG\PLUGINVIEW.SBR
C:\USERS\ERIC\SKYDRIVE\PROGRAMMIERUNG\VST3 SDK_WS1314\PUBLIC.SDK\AVPRG\AVPRG_GIT\KNISTERN\WIN\WIN32\DEBUG\PLUGINADAPTER.SBR
C:\USERS\ERIC\SKYDRIVE\PROGRAMMIERUNG\VST3 SDK_WS1314\PUBLIC.SDK\AVPRG\AVPRG_GIT\KNISTERN\WIN\WIN32\DEBUG\CRACKLEPROCESSOR.SBR
C:\USERS\ERIC\SKYDRIVE\PROGRAMMIERUNG\VST3 SDK_WS1314\PUBLIC.SDK\AVPRG\AVPRG_GIT\KNISTERN\WIN\WIN32\DEBUG\CRACKLEGENERATOR.SBR
C:\USERS\ERIC\SKYDRIVE\PROGRAMMIERUNG\VST3 SDK_WS1314\PUBLIC.SDK\AVPRG\AVPRG_GIT\KNISTERN\WIN\WIN32\DEBUG\VSTGUI_WIN32.SBR
C:\USERS\ERIC\SKYDRIVE\PROGRAMMIERUNG\VST3 SDK_WS1314\PUBLIC.SDK\AVPRG\AVPRG_GIT\KNISTERN\WIN\WIN32\DEBUG\VSTGUI_UIDESCRIPTION_WIN32.SBR
C:\USERS\ERIC\SKYDRIVE\PROGRAMMIERUNG\VST3 SDK_WS1314\PUBLIC.SDK\AVPRG\AVPRG_GIT\KNISTERN\WIN\WIN32\DEBUG\VST3EDITOR.SBR
C:\USERS\ERIC\SKYDRIVE\PROGRAMMIERUNG\VST3 SDK_WS1314\PUBLIC.SDK\AVPRG\AVPRG_GIT\KNISTERN\WIN\WIN32\DEBUG\VST3EDITOR.OBJ
C:\USERS\ERIC\SKYDRIVE\PROGRAMMIERUNG\VST3 SDK_WS1314\PUBLIC.SDK\AVPRG\AVPRG_GIT\KNISTERN\WIN\WIN32\DEBUG\VSTGUI_UIDESCRIPTION_WIN32.OBJ
C:\USERS\ERIC\SKYDRIVE\PROGRAMMIERUNG\VST3 SDK_WS1314\PUBLIC.SDK\AVPRG\AVPRG_GIT\KNISTERN\WIN\WIN32\DEBUG\VSTGUI_WIN32.OBJ
C:\USERS\ERIC\SKYDRIVE\PROGRAMMIERUNG\VST3 SDK_WS1314\PUBLIC.SDK\AVPRG\AVPRG_GIT\KNISTERN\WIN\WIN32\DEBUG\CRACKLEGENERATOR.OBJ
C:\USERS\ERIC\SKYDRIVE\PROGRAMMIERUNG\VST3 SDK_WS1314\PUBLIC.SDK\AVPRG\AVPRG_GIT\KNISTERN\WIN\WIN32\DEBUG\CRACKLEPROCESSOR.OBJ
C:\USERS\ERIC\SKYDRIVE\PROGRAMMIERUNG\VST3 SDK_WS1314\PUBLIC.SDK\AVPRG\AVPRG_GIT\KNISTERN\WIN\WIN32\DEBUG\PLUGINADAPTER.OBJ
C:\USERS\ERIC\SKYDRIVE\PROGRAMMIERUNG\VST3 SDK_WS1314\PUBLIC.SDK\AVPRG\AVPRG_GIT\KNISTERN\WIN\WIN32\DEBUG\PLUGINVIEW.OBJ
C:\USERS\ERIC\SKYDRIVE\PROGRAMMIERUNG\VST3 SDK_WS1314\PUBLIC.SDK\AVPRG\AVPRG_GIT\KNISTERN\WIN\WIN32\DEBUG\VSTAUDIOEFFECT.OBJ
C:\USERS\ERIC\SKYDRIVE\PROGRAMMIERUNG\VST3 SDK_WS1314\PUBLIC.SDK\AVPRG\AVPRG_GIT\KNISTERN\WIN\WIN32\DEBUG\VSTBUS.OBJ
C:\USERS\ERIC\SKYDRIVE\PROGRAMMIERUNG\VST3 SDK_WS1314\PUBLIC.SDK\AVPRG\AVPRG_GIT\KNISTERN\WIN\WIN32\DEBUG\VSTCOMPONENT.OBJ
C:\USERS\ERIC\SKYDRIVE\PROGRAMMIERUNG\VST3 SDK_WS1314\PUBLIC.SDK\AVPRG\AVPRG_GIT\KNISTERN\WIN\WIN32\DEBUG\VSTCOMPONENTBASE.OBJ
C:\USERS\ERIC\SKYDRIVE\PROGRAMMIERUNG\VST3 SDK_WS1314\PUBLIC.SDK\AVPRG\AVPRG_GIT\KNISTERN\WIN\WIN32\DEBUG\VSTEDITCONTROLLER.OBJ
C:\USERS\ERIC\SKYDRIVE\PROGRAMMIERUNG\VST3 SDK_WS1314\PUBLIC.SDK\AVPRG\AVPRG_GIT\KNISTERN\WIN\WIN32\DEBUG\VSTGUIEDITOR.OBJ
C:\USERS\ERIC\SKYDRIVE\PROGRAMMIERUNG\VST3 SDK_WS1314\PUBLIC.SDK\AVPRG\AVPRG_GIT\KNISTERN\WIN\WIN32\DEBUG\VSTINITIIDS.OBJ
C:\USERS\ERIC\SKYDRIVE\PROGRAMMIERUNG\VST3 SDK_WS1314\PUBLIC.SDK\AVPRG\AVPRG_GIT\KNISTERN\WIN\WIN32\DEBUG\VSTPARAMETERS.OBJ
C:\USERS\ERIC\SKYDRIVE\PROGRAMMIERUNG\VST3 SDK_WS1314\PUBLIC.SDK\AVPRG\AVPRG_GIT\KNISTERN\WIN\WIN32\DEBUG\DLLMAIN.OBJ
C:\USERS\ERIC\SKYDRIVE\PROGRAMMIERUNG\VST3 SDK_WS1314\PUBLIC.SDK\AVPRG\AVPRG_GIT\KNISTERN\WIN\WIN32\DEBUG\PLUGINFACTORYVST3.OBJ
C:\USERS\ERIC\SKYDRIVE\PROGRAMMIERUNG\VST3 SDK_WS1314\PUBLIC.SDK\AVPRG\AVPRG_GIT\KNISTERN\WIN\WIN32\DEBUG\USTRING.OBJ
C:\USERS\ERIC\SKYDRIVE\PROGRAMMIERUNG\VST3 SDK_WS1314\PUBLIC.SDK\AVPRG\AVPRG_GIT\KNISTERN\WIN\WIN32\DEBUG\VC110.PDB
C:\USERS\ERIC\SKYDRIVE\PROGRAMMIERUNG\VST3 SDK_WS1314\PUBLIC.SDK\AVPRG\AVPRG_GIT\KNISTERN\WIN\WIN32\DEBUG\PLUGIN.SBR
C:\USERS\ERIC\SKYDRIVE\PROGRAMMIERUNG\VST3 SDK_WS1314\PUBLIC.SDK\AVPRG\AVPRG_GIT\KNISTERN\WIN\WIN32\DEBUG\PLUGIN1.OBJ
C:\Users\Eric\SkyDrive\Programmierung\VST3 SDK_WS1314\public.sdk\avprg\avprg_git\Knistern\win\Win32\Debug\Crackle.lib
C:\Users\Eric\SkyDrive\Programmierung\VST3 SDK_WS1314\public.sdk\avprg\avprg_git\Knistern\win\Win32\Debug\Crackle.exp
C:\USERS\ERIC\SKYDRIVE\PROGRAMMIERUNG\VST3 SDK_WS1314\PUBLIC.SDK\AVPRG\AVPRG_GIT\KNISTERN\WIN\CRACKLE.ILK
C:\USERS\ERIC\SKYDRIVE\PROGRAMMIERUNG\VST3 SDK_WS1314\PUBLIC.SDK\AVPRG\AVPRG_GIT\KNISTERN\WIN\CRACKLE.DLL
C:\USERS\ERIC\SKYDRIVE\PROGRAMMIERUNG\VST3 SDK_WS1314\PUBLIC.SDK\AVPRG\AVPRG_GIT\KNISTERN\WIN\WIN32\DEBUG\PLUGIN.PDB
C:\USERS\ERIC\SKYDRIVE\PROGRAMMIERUNG\VST3 SDK_WS1314\PUBLIC.SDK\AVPRG\AVPRG_GIT\KNISTERN\WIN\WIN32\DEBUG\PLUGIN.RES
C:\USERS\ERIC\SKYDRIVE\PROGRAMMIERUNG\VST3 SDK_WS1314\PUBLIC.SDK\AVPRG\AVPRG_GIT\KNISTERN\WIN\WIN32\DEBUG\UIDESC.RES
C:\Users\Eric\SkyDrive\Programmierung\VST3 SDK_WS1314\public.sdk\avprg\avprg_git\Knistern\win\Win32\Debug\CrackleGenerator.obj
C:\Users\Eric\SkyDrive\Programmierung\VST3 SDK_WS1314\public.sdk\avprg\avprg_git\Knistern\win\Win32\Debug\CrackleProcessor.obj
C:\Users\Eric\SkyDrive\Programmierung\VST3 SDK_WS1314\public.sdk\avprg\avprg_git\Knistern\win\Win32\Debug\dllmain.obj
C:\Users\Eric\SkyDrive\Programmierung\VST3 SDK_WS1314\public.sdk\avprg\avprg_git\Knistern\win\Win32\Debug\plugin1.obj
C:\Users\Eric\SkyDrive\Programmierung\VST3 SDK_WS1314\public.sdk\avprg\avprg_git\Knistern\win\Win32\Debug\pluginadapter.obj
C:\Users\Eric\SkyDrive\Programmierung\VST3 SDK_WS1314\public.sdk\avprg\avprg_git\Knistern\win\Win32\Debug\pluginfactoryvst3.obj
C:\Users\Eric\SkyDrive\Programmierung\VST3 SDK_WS1314\public.sdk\avprg\avprg_git\Knistern\win\Win32\Debug\pluginview.obj
C:\Users\Eric\SkyDrive\Programmierung\VST3 SDK_WS1314\public.sdk\avprg\avprg_git\Knistern\win\Win32\Debug\ustring.obj
C:\Users\Eric\SkyDrive\Programmierung\VST3 SDK_WS1314\public.sdk\avprg\avprg_git\Knistern\win\Win32\Debug\vst3editor.obj
C:\Users\Eric\SkyDrive\Programmierung\VST3 SDK_WS1314\public.sdk\avprg\avprg_git\Knistern\win\Win32\Debug\vstaudioeffect.obj
C:\Users\Eric\SkyDrive\Programmierung\VST3 SDK_WS1314\public.sdk\avprg\avprg_git\Knistern\win\Win32\Debug\vstbus.obj
C:\Users\Eric\SkyDrive\Programmierung\VST3 SDK_WS1314\public.sdk\avprg\avprg_git\Knistern\win\Win32\Debug\vstcomponent.obj
C:\Users\Eric\SkyDrive\Programmierung\VST3 SDK_WS1314\public.sdk\avprg\avprg_git\Knistern\win\Win32\Debug\vstcomponentbase.obj
C:\Users\Eric\SkyDrive\Programmierung\VST3 SDK_WS1314\public.sdk\avprg\avprg_git\Knistern\win\Win32\Debug\vsteditcontroller.obj
C:\Users\Eric\SkyDrive\Programmierung\VST3 SDK_WS1314\public.sdk\avprg\avprg_git\Knistern\win\Win32\Debug\vstguieditor.obj
C:\Users\Eric\SkyDrive\Programmierung\VST3 SDK_WS1314\public.sdk\avprg\avprg_git\Knistern\win\Win32\Debug\vstgui_uidescription_win32.obj
C:\Users\Eric\SkyDrive\Programmierung\VST3 SDK_WS1314\public.sdk\avprg\avprg_git\Knistern\win\Win32\Debug\vstgui_win32.obj
C:\Users\Eric\SkyDrive\Programmierung\VST3 SDK_WS1314\public.sdk\avprg\avprg_git\Knistern\win\Win32\Debug\vstinitiids.obj
C:\Users\Eric\SkyDrive\Programmierung\VST3 SDK_WS1314\public.sdk\avprg\avprg_git\Knistern\win\Win32\Debug\vstparameters.obj
C:\Users\Eric\SkyDrive\Programmierung\VST3 SDK_WS1314\public.sdk\avprg\avprg_git\Knistern\win\Win32\Debug\BscMake.command.1.tlog
C:\Users\Eric\SkyDrive\Programmierung\VST3 SDK_WS1314\public.sdk\avprg\avprg_git\Knistern\win\Win32\Debug\bscmake.read.1.tlog
C:\Users\Eric\SkyDrive\Programmierung\VST3 SDK_WS1314\public.sdk\avprg\avprg_git\Knistern\win\Win32\Debug\bscmake.write.1.tlog
C:\Users\Eric\SkyDrive\Programmierung\VST3 SDK_WS1314\public.sdk\avprg\avprg_git\Knistern\win\Win32\Debug\cl.command.1.tlog
C:\Users\Eric\SkyDrive\Programmierung\VST3 SDK_WS1314\public.sdk\avprg\avprg_git\Knistern\win\Win32\Debug\CL.read.1.tlog
C:\Users\Eric\SkyDrive\Programmierung\VST3 SDK_WS1314\public.sdk\avprg\avprg_git\Knistern\win\Win32\Debug\CL.write.1.tlog
C:\Users\Eric\SkyDrive\Programmierung\VST3 SDK_WS1314\public.sdk\avprg\avprg_git\Knistern\win\Win32\Debug\Crackle.write.1.tlog
C:\Users\Eric\SkyDrive\Programmierung\VST3 SDK_WS1314\public.sdk\avprg\avprg_git\Knistern\win\Win32\Debug\link-cvtres.read.1.tlog
C:\Users\Eric\SkyDrive\Programmierung\VST3 SDK_WS1314\public.sdk\avprg\avprg_git\Knistern\win\Win32\Debug\link-cvtres.write.1.tlog
C:\Users\Eric\SkyDrive\Programmierung\VST3 SDK_WS1314\public.sdk\avprg\avprg_git\Knistern\win\Win32\Debug\link.command.1.tlog
C:\Users\Eric\SkyDrive\Programmierung\VST3 SDK_WS1314\public.sdk\avprg\avprg_git\Knistern\win\Win32\Debug\link.read.1.tlog
C:\Users\Eric\SkyDrive\Programmierung\VST3 SDK_WS1314\public.sdk\avprg\avprg_git\Knistern\win\Win32\Debug\link.write.1.tlog
C:\Users\Eric\SkyDrive\Programmierung\VST3 SDK_WS1314\public.sdk\avprg\avprg_git\Knistern\win\Win32\Debug\rc.command.1.tlog
C:\Users\Eric\SkyDrive\Programmierung\VST3 SDK_WS1314\public.sdk\avprg\avprg_git\Knistern\win\Win32\Debug\rc.read.1.tlog
C:\Users\Eric\SkyDrive\Programmierung\VST3 SDK_WS1314\public.sdk\avprg\avprg_git\Knistern\win\Win32\Debug\rc.write.1.tlog
C:\Users\Eric\SkyDrive\Programmierung\VST3 SDK_WS1314\public.sdk\avprg\avprg_git\Knistern\win\Win32\Debug\plugin.res
C:\Users\Eric\SkyDrive\Programmierung\VST3 SDK_WS1314\public.sdk\avprg\avprg_git\Knistern\win\Win32\Debug\uidesc.res
C:\Users\Eric\SkyDrive\Programmierung\VST3 SDK_WS1314\public.sdk\avprg\avprg_git\Knistern\win\Win32\Debug\vc110.idb
C:\Users\Eric\SkyDrive\Programmierung\VST3 SDK_WS1314\public.sdk\avprg\avprg_git\Knistern\win\Win32\Debug\plugin.pdb
C:\Users\Eric\SkyDrive\Programmierung\VST3 SDK_WS1314\public.sdk\avprg\avprg_git\Knistern\win\Win32\Debug\vc110.pdb
C:\Users\Eric\SkyDrive\Programmierung\VST3 SDK_WS1314\public.sdk\avprg\avprg_git\Knistern\win\Win32\Debug\Crackle.bsc
C:\Users\Eric\SkyDrive\Programmierung\VST3 SDK_WS1314\public.sdk\avprg\avprg_git\Knistern\win\Win32\Debug\CrackleGenerator.sbr
C:\Users\Eric\SkyDrive\Programmierung\VST3 SDK_WS1314\public.sdk\avprg\avprg_git\Knistern\win\Win32\Debug\CrackleProcessor.sbr
C:\Users\Eric\SkyDrive\Programmierung\VST3 SDK_WS1314\public.sdk\avprg\avprg_git\Knistern\win\Win32\Debug\dllmain.sbr
C:\Users\Eric\SkyDrive\Programmierung\VST3 SDK_WS1314\public.sdk\avprg\avprg_git\Knistern\win\Win32\Debug\plugin.sbr
C:\Users\Eric\SkyDrive\Programmierung\VST3 SDK_WS1314\public.sdk\avprg\avprg_git\Knistern\win\Win32\Debug\pluginadapter.sbr
C:\Users\Eric\SkyDrive\Programmierung\VST3 SDK_WS1314\public.sdk\avprg\avprg_git\Knistern\win\Win32\Debug\pluginfactoryvst3.sbr
C:\Users\Eric\SkyDrive\Programmierung\VST3 SDK_WS1314\public.sdk\avprg\avprg_git\Knistern\win\Win32\Debug\pluginview.sbr
C:\Users\Eric\SkyDrive\Programmierung\VST3 SDK_WS1314\public.sdk\avprg\avprg_git\Knistern\win\Win32\Debug\ustring.sbr
C:\Users\Eric\SkyDrive\Programmierung\VST3 SDK_WS1314\public.sdk\avprg\avprg_git\Knistern\win\Win32\Debug\vst3editor.sbr
C:\Users\Eric\SkyDrive\Programmierung\VST3 SDK_WS1314\public.sdk\avprg\avprg_git\Knistern\win\Win32\Debug\vstaudioeffect.sbr
C:\Users\Eric\SkyDrive\Programmierung\VST3 SDK_WS1314\public.sdk\avprg\avprg_git\Knistern\win\Win32\Debug\vstbus.sbr
C:\Users\Eric\SkyDrive\Programmierung\VST3 SDK_WS1314\public.sdk\avprg\avprg_git\Knistern\win\Win32\Debug\vstcomponent.sbr
C:\Users\Eric\SkyDrive\Programmierung\VST3 SDK_WS1314\public.sdk\avprg\avprg_git\Knistern\win\Win32\Debug\vstcomponentbase.sbr
C:\Users\Eric\SkyDrive\Programmierung\VST3 SDK_WS1314\public.sdk\avprg\avprg_git\Knistern\win\Win32\Debug\vsteditcontroller.sbr
C:\Users\Eric\SkyDrive\Programmierung\VST3 SDK_WS1314\public.sdk\avprg\avprg_git\Knistern\win\Win32\Debug\vstguieditor.sbr
C:\Users\Eric\SkyDrive\Programmierung\VST3 SDK_WS1314\public.sdk\avprg\avprg_git\Knistern\win\Win32\Debug\vstgui_uidescription_win32.sbr
C:\Users\Eric\SkyDrive\Programmierung\VST3 SDK_WS1314\public.sdk\avprg\avprg_git\Knistern\win\Win32\Debug\vstgui_win32.sbr
C:\Users\Eric\SkyDrive\Programmierung\VST3 SDK_WS1314\public.sdk\avprg\avprg_git\Knistern\win\Win32\Debug\vstinitiids.sbr
C:\Users\Eric\SkyDrive\Programmierung\VST3 SDK_WS1314\public.sdk\avprg\avprg_git\Knistern\win\Win32\Debug\vstparameters.sbr
