Der Buildvorgang wurde am 22.01.2014 17:49:06 gestartet.
     1>Projekt "C:\Users\Eric\SkyDrive\Programmierung\VST3 SDK_WS1314\public.sdk\avprg\avprg_git\Netzbrummen\win\plugin_vst2_vc10.vcxproj" auf Knoten "2", Rebuild Ziel(e).
     1>ClCompile:
         G:\Program Files (x86)\Microsoft Visual Studio 11.0\VC\bin\CL.exe /c /I../../../../.. /I../../../../../vstgui4 /ZI /nologo /W3 /WX- /Od /Oy- /D WINDOWS=1 /D DEVELOPMENT=1 /D _CRT_SECURE_NO_DEPRECATE=1 /D VSTGUI_LIVE_EDITING=1 /D "PLUGINNAME=\"Netzbrummen\"" /D _VC80_UPGRADE=0x0710 /D _WINDLL /D _MBCS /Gm /EHsc /RTC1 /MTd /GS /fp:precise /Zc:wchar_t /Zc:forScope /Fo"Win32\Debug\\" /Fd"Win32\Debug\vc110.pdb" /FR"Win32\Debug\\" /Gd /TP /analyze- /errorReport:prompt "..\..\..\..\..\vstgui4\vstgui\plugin-bindings\vst3editor.cpp" ..\..\..\..\..\vstgui4\vstgui\vstgui_uidescription_win32.cpp ..\..\..\..\..\vstgui4\vstgui\vstgui_win32.cpp ..\source\HumGenerator.cpp ..\source\HumProcessor.cpp ..\source\Lfo.cpp ..\source\pluginadapter.cpp ..\..\..\..\source\common\pluginview.cpp ..\..\..\..\source\vst\vstaudioeffect.cpp ..\..\..\..\source\vst\vstbus.cpp ..\..\..\..\source\vst\vstcomponent.cpp ..\..\..\..\source\vst\vstcomponentbase.cpp ..\..\..\..\source\vst\vsteditcontroller.cpp ..\..\..\..\source\vst\vstguieditor.cpp ..\..\..\..\source\vst\vstinitiids.cpp ..\..\..\..\source\vst\vstparameters.cpp ..\..\..\..\source\main\dllmain.cpp ..\..\..\..\source\main\pluginfactoryvst3.cpp ..\..\..\..\..\pluginterfaces\base\ustring.cpp
         ustring.cpp
         pluginfactoryvst3.cpp
         dllmain.cpp
         vstparameters.cpp
         vstinitiids.cpp
         vstguieditor.cpp
         vsteditcontroller.cpp
         vstcomponentbase.cpp
         vstcomponent.cpp
         vstbus.cpp
         vstaudioeffect.cpp
         pluginview.cpp
         pluginadapter.cpp
         Lfo.cpp
     1>c:\users\eric\skydrive\programmierung\vst3 sdk_ws1314\public.sdk\avprg\avprg_git\netzbrummen\source\lfo.cpp(23): warning C4244: 'Initialisierung': Konvertierung von 'double' in 'float', möglicher Datenverlust
     1>c:\users\eric\skydrive\programmierung\vst3 sdk_ws1314\public.sdk\avprg\avprg_git\netzbrummen\source\lfo.cpp(24): warning C4244: '=': Konvertierung von 'double' in 'float', möglicher Datenverlust
         HumProcessor.cpp
     1>c:\users\eric\skydrive\programmierung\vst3 sdk_ws1314\public.sdk\avprg\avprg_git\netzbrummen\source\humprocessor.cpp(5): warning C4305: 'Initialisierung': Verkürzung von 'double' in 'float'
     1>c:\users\eric\skydrive\programmierung\vst3 sdk_ws1314\public.sdk\avprg\avprg_git\netzbrummen\source\humprocessor.cpp(58): warning C4244: '=': Konvertierung von 'double' in 'float', möglicher Datenverlust
         HumGenerator.cpp
     1>c:\users\eric\skydrive\programmierung\vst3 sdk_ws1314\public.sdk\avprg\avprg_git\netzbrummen\source\humgenerator.cpp(4): warning C4305: 'Initialisierung': Verkürzung von 'double' in 'float'
     1>c:\users\eric\skydrive\programmierung\vst3 sdk_ws1314\public.sdk\avprg\avprg_git\netzbrummen\source\humgenerator.cpp(25): warning C4244: '=': Konvertierung von 'double' in 'float', möglicher Datenverlust
     1>c:\users\eric\skydrive\programmierung\vst3 sdk_ws1314\public.sdk\avprg\avprg_git\netzbrummen\source\humgenerator.cpp(29): warning C4244: '=': Konvertierung von 'double' in 'float', möglicher Datenverlust
     1>c:\users\eric\skydrive\programmierung\vst3 sdk_ws1314\public.sdk\avprg\avprg_git\netzbrummen\source\humgenerator.cpp(48): warning C4244: '=': Konvertierung von 'double' in 'float', möglicher Datenverlust
     1>c:\users\eric\skydrive\programmierung\vst3 sdk_ws1314\public.sdk\avprg\avprg_git\netzbrummen\source\humgenerator.cpp(66): warning C4244: 'return': Konvertierung von 'double' in 'float', möglicher Datenverlust
     1>c:\users\eric\skydrive\programmierung\vst3 sdk_ws1314\public.sdk\avprg\avprg_git\netzbrummen\source\humgenerator.cpp(73): warning C4244: 'return': Konvertierung von 'double' in 'float', möglicher Datenverlust
     1>c:\users\eric\skydrive\programmierung\vst3 sdk_ws1314\public.sdk\avprg\avprg_git\netzbrummen\source\humgenerator.cpp(83): warning C4244: 'return': Konvertierung von 'double' in 'float', möglicher Datenverlust
         vstgui_win32.cpp
         vstgui_uidescription_win32.cpp
         vst3editor.cpp
         Code wird generiert...
         G:\Program Files (x86)\Microsoft Visual Studio 11.0\VC\bin\CL.exe /c /I../../../../.. /I../../../../../vstgui4 /ZI /nologo /W3 /WX- /Od /Oy- /D WINDOWS=1 /D DEVELOPMENT=1 /D _CRT_SECURE_NO_DEPRECATE=1 /D VSTGUI_LIVE_EDITING=1 /D "PLUGINNAME=\"Netzbrummen\"" /D _VC80_UPGRADE=0x0710 /D _WINDLL /D _MBCS /Gm /EHsc /RTC1 /MTd /GS /fp:precise /Zc:wchar_t /Zc:forScope /Fo"Win32\Debug\plugin1.obj" /Fd"Win32\Debug\vc110.pdb" /FR"Win32\Debug\\" /Gd /TP /analyze- /errorReport:prompt ..\source\plugin.cpp
         plugin.cpp
       ResourceCompile:
         C:\Program Files (x86)\Windows Kits\8.0\bin\x86\rc.exe /D _VC80_UPGRADE=0x0710 /l"0x0409" /I../../../../.. /nologo /fo"Win32\Debug\plugin.res" ..\resource\plugin.rc 
         C:\Program Files (x86)\Windows Kits\8.0\bin\x86\rc.exe /D _VC80_UPGRADE=0x0710 /l"0x0409" /I../../../../.. /nologo /fo"Win32\Debug\uidesc.res" ..\resource\uidesc.rc 
     1>C:\Program Files (x86)\MSBuild\Microsoft.Cpp\v4.0\V110\Microsoft.CppBuild.targets(1137,5): warning MSB8012: TargetPath(C:\Users\Eric\SkyDrive\Programmierung\VST3 SDK_WS1314\public.sdk\avprg\avprg_git\Netzbrummen\win\Win32\Debug\Netzbrummen.dll) does not match the Linker's OutputFile property value (C:\Users\Eric\SkyDrive\Programmierung\VST3 SDK_WS1314\public.sdk\avprg\avprg_git\Netzbrummen\win\Netzbrummen.dll). This may cause your project to build incorrectly. To correct this, please make sure that $(OutDir), $(TargetName) and $(TargetExt) property values match the value specified in %(Link.OutputFile).
       Link:
         G:\Program Files (x86)\Microsoft Visual Studio 11.0\VC\bin\link.exe /ERRORREPORT:PROMPT /OUT:"Netzbrummen.dll" /INCREMENTAL /NOLOGO kernel32.lib user32.lib gdi32.lib winspool.lib comdlg32.lib advapi32.lib shell32.lib ole32.lib oleaut32.lib uuid.lib odbc32.lib odbccp32.lib /DEF:"plugin_vst2.def" /MANIFEST:NO /DEBUG /PDB:"Win32\Debug\plugin.pdb" /SUBSYSTEM:WINDOWS /TLBID:1 /DYNAMICBASE:NO /IMPLIB:"Win32\Debug\Netzbrummen.lib" /MACHINE:X86 /SAFESEH /DLL Win32\Debug\plugin.res
         Win32\Debug\uidesc.res
         Win32\Debug\vst3editor.obj
         Win32\Debug\vstgui_uidescription_win32.obj
         Win32\Debug\vstgui_win32.obj
         Win32\Debug\HumGenerator.obj
         Win32\Debug\HumProcessor.obj
         Win32\Debug\Lfo.obj
         Win32\Debug\pluginadapter.obj
         Win32\Debug\pluginview.obj
         Win32\Debug\vstaudioeffect.obj
         Win32\Debug\vstbus.obj
         Win32\Debug\vstcomponent.obj
         Win32\Debug\vstcomponentbase.obj
         Win32\Debug\vsteditcontroller.obj
         Win32\Debug\vstguieditor.obj
         Win32\Debug\vstinitiids.obj
         Win32\Debug\vstparameters.obj
         Win32\Debug\dllmain.obj
         Win32\Debug\pluginfactoryvst3.obj
         Win32\Debug\ustring.obj
         Win32\Debug\plugin1.obj
         "C:\Users\Eric\SkyDrive\Programmierung\VST3 SDK_WS1314\base\win\Win32\Debug.base_vc10\base_vc10.lib"
         "C:\Users\Eric\SkyDrive\Programmierung\VST3 SDK_WS1314\public.sdk\source\vst\vst2wrapper\win\Win32\Debug\vst2wrapper.lib"
     1>vst3editor.obj : warning LNK4075: /EDITANDCONTINUE wird aufgrund der Angabe von /SAFESEH ignoriert.
            Bibliothek "Win32\Debug\Netzbrummen.lib" und Objekt "Win32\Debug\Netzbrummen.exp" werden erstellt.
         plugin_vst2_vc10.vcxproj -> C:\Users\Eric\SkyDrive\Programmierung\VST3 SDK_WS1314\public.sdk\avprg\avprg_git\Netzbrummen\win\Win32\Debug\Netzbrummen.dll
       BscMake:
         G:\Program Files (x86)\Microsoft Visual Studio 11.0\VC\bin\bscmake.exe /nologo /o"Win32\Debug\Netzbrummen.bsc" Win32\Debug\vst3editor.sbr Win32\Debug\vstgui_uidescription_win32.sbr Win32\Debug\vstgui_win32.sbr Win32\Debug\HumGenerator.sbr Win32\Debug\HumProcessor.sbr Win32\Debug\Lfo.sbr Win32\Debug\plugin.sbr Win32\Debug\pluginadapter.sbr Win32\Debug\pluginview.sbr Win32\Debug\vstaudioeffect.sbr Win32\Debug\vstbus.sbr Win32\Debug\vstcomponent.sbr Win32\Debug\vstcomponentbase.sbr Win32\Debug\vsteditcontroller.sbr Win32\Debug\vstguieditor.sbr Win32\Debug\vstinitiids.sbr Win32\Debug\vstparameters.sbr Win32\Debug\dllmain.sbr Win32\Debug\pluginfactoryvst3.sbr Win32\Debug\ustring.sbr
     1>Die Erstellung des Projekts "C:\Users\Eric\SkyDrive\Programmierung\VST3 SDK_WS1314\public.sdk\avprg\avprg_git\Netzbrummen\win\plugin_vst2_vc10.vcxproj" ist abgeschlossen, Rebuild Ziel(e).

Build erfolgreich.

Verstrichene Zeit 00:00:33.67
